[    0.000000] Initializing cgroup subsys cpuset
[    0.000000] Initializing cgroup subsys cpu
[    0.000000] Initializing cgroup subsys cpuacct
[    0.000000] Linux version 4.4.0-128-generic (buildd@lcy01-amd64-019) (gcc version 5.4.0 20160609 (Ubuntu 5.4.0-6ubuntu1~16.04.9) ) #154-Ubuntu SMP Fri May 25 14:15:18 UTC 2018 (Ubuntu 4.4.0-128.154-generic 4.4.131)
[    0.000000] Command line: BOOT_IMAGE=/boot/vmlinuz-4.4.0-128-generic root=LABEL=cloudimg-rootfs ro console=tty1 console=ttyS0
[    0.000000] KERNEL supported cpus:
[    0.000000]   Intel GenuineIntel
[    0.000000]   AMD AuthenticAMD
[    0.000000]   Ceaur CentaurHauls
[    0.000000] x86/fpu: xstate_offset[2]:  576, xstate_sizes[2]:  256
[    0.000000] x86/fpu: Supporting XSAVE feature 0x01: 'x87 floating point registers'
[    0.000000] x86/fpu: Supporting XSAVE feature 0x02: 'SSE registers'
[    0.000000] x86/fpu: Supporting XSAVE feature 0x04: 'AVX registers'
[    0.000000] x86/fpu: Enabled xstate features 0x7, context size is 832 bytes, using 'standard' format.
[    0.000000] x86/fpu: Using 'lazy' FPU context switches.
[    00.000000] e820: BIOS-provided physical RAM map:
[    0.000000] BIOS-e820: [mem 0x0000000000000000-0x000000000009fbff] usable
[    0.000000] BIOS-e0: [mem 0x000000000009fc00-0x000000000009ffff] reserved
[    0.000000] BIOS-e820: [mem 0x00000000000f0000-0x00000000000fffff] reserved
[    0.000000] BIOS-20: [mem 0x0000000000100000-0x000000007ffeffff] usable
[    0.000000] BIOS-e820: [mem 0x000000007fff0000-0x000000007fffffff] ACPI data
[    0.000000] BIOS-e820: [mem 0x00000000fec00000-0x00000000fec00fff] reserved
[  0.000000] BIOS-e820: [mem 0x00000000fee00000-0x00000000fee00fff] reserved
[    0.000000] BIOS-e820: [mem 0x00000000fffc0000-0x00000000ffffffff] reserved
[    0.000000] NX (Execute Disable) protection: active
[    0.000000] SMBIOS 2.5 present.
[    0.000000] Hypervisor detected: KVM
[    0.000000] e820: last_pfn = 0x7fff0 max_arch_pfn = 0x400000000
[    0.000000] MTRR: Disabled
   0.000000] x86/PAT: MTRRs disabled, skipping PAT initialization too.
[    0.000000] CPU MTRRs all blank - virtualized system
[    0.000000] x86/PAT: Configuration [0-7]: WB  WT  UC- UC  WB  WT  UC- UC  
[    0.000000] found SMP MP-table at [mem 0x0009fff0-0x0009ffff] mapped at [ffff88000009fff0]
[    0.000000] Scanning 1 areas for low memory corruption
[    0.0000] RAMDISK: [mem 0x36a9e000-0x37546fff]
[    0.000000] ACPI: Early table checksum verification disabled
[    0.000000] ACPI: RSDP 0x00000000000E0000 000024 (v02 VBOX  )
[    0.000000] ACPI: XSDT 0x000000007FFF0030 00003C (v01 VBOX   VBOXXSDT 00000001 ASL  00000061)
[    0.000000] ACPI: FACP 0x000000007FFF00F0 0000F4 (v04 VBOX   VBOXFACP 00000001 ASL  00000061)
[    0.000000] ACPI: DSDT 0x000000007FFF0470 0021FF (v02 VBOX   VBOXBIOS 00000002 INTL 20100528)
[    0.000000] ACPI: FACS 0x000000007FFF0200 000040
[    0.000000] ACPI: FACS 0x000000007FFF0200 000040
[    0.000000] ACPI: APIC 0x000000007FFF0240 00005C (v02 VBOX   VBOXAPIC 00000001 ASL  00000061)
[    0.000000] ACPI: SSDT 0x0000007FFF02A0 0001CC (v01 VBOX   VBOXCPUT 00000002 INTL 20100528)
[    0.000000] No NUMA configuration found
[    0.0000000] Faking a node at [m 0x0000000000000000-0x000000007ffeffff]
[    0.000000] NODE_DATA(0) allocated [mem 0x7ffeb000-0x7ffeffff]
[    0.000000] kvm-clock: Using msrs 4b564d01 and 4b564d00
[    0.000000] kvm-clock: cpu 0, msr 0:7ffe3001, primary cpu clock
[    0.000000] kvm-clock: using sched offset of 4460287907 cycles
[    0.000000] clocksource: kvm-clock: mask: 0xffffffffffffffff max_cycles: 0x1cd42e4dffb, max_idle_ns: 881590591483 ns
[    0.000000] Zone ranges:
[    0.000000]   DMA      [mem 0x0000000000001000-0x0000000000ffffff]
[    0.000000]   DMA32    [mem 0x0000000001000000-0x000000007ffeffff]
[    0.000000]   Normal   empty
[    0.000000]   Device   empty
[    0.000000] Movable zone start for each node
[    0.000000] Early memory node ranges
[    0.000000]   node   0: [mem 0x0000000000001000-0x000000000009efff]
[    0.000000]   node   0: [mem 0x0000000000100000-0x000000007ffeffff]
[    0.000000] Initmem setup node 0 [mem 0x0000000000001000-0x000000007ffeffff]
[    0.000000] ACPI: PM-Timer IO Port: 0x4008
[    0.000000] IPIC[0]: apic_id 2, version 32, address 0xfec00000, GSI 0-23
[    0.000000] ACPI: INT_SRC_OVR (bus 0 bbus_irq 0 global_irq 2 dfl dfl)
[    0.000000] ACPI: INT_SRC_OVR (bus 0 bus_irq 9 global_irq 9 low level)
[    0.000000] Using ACPI (MADT) for SMP configuration information
[    0.000000] smpboot: Allowing 2 CPUs, 0 hotplug CPUs
[    0.000000] PM: Registered nosave memory: [mem 0x00000000-0x00000fff]
[    0.000000] PM: Registered nosave memory: [mem 0x0009f000-0x0009ffff]
[    0.000000] PM: Registered nosave memory: [mem 0x000a0000-0x000effff]
[    0.000000] PM: Registered nosave memory: [mem 0x000f0000-0x000fffff]
[    0.000000] e820: [mem 0x80000000-0xfebfffff] available for PCI devices
[    0.000000] Booting paravirtualized kernel on KVM
[    0.000000] clocksource: refined-jiffies: mask: 0xffffffff x_cycles: 0xffffffff, max_idle_ns: 7645519600211568 ns
[    0.000000] setup_percpu: NR_CPUS:512 nr_cpumask_bits:512 nr_cpu_ids:2 nr_node_ids:1
[    0.000000] PERCPU: Embedded 34 pages/cpu @ffff88007fc00000 s99544 r8192 d31528 u1048576
[    0.000000] PV qspinlock hash table entries: 256 (order: 0, 4096 bytes)
[    0.000000] Built 1 zonelists in Node order, mobility grouping on.  Total pages: 515960
[    0.000000] Policy zone: DMA32
[    0.000000] Kernel command line: BOOT_IMAGE=/boot/vmlinuz-4.4.0-128-generic root=LABEL=cloudimg-rootfs ro console=tty1 console=ttyS0
[    0.000000] PID hash table entries: 4096 (order: 3, 32768 bytes)
[    0.000000] Memory: 2033796K/2096696K available (8541K kernel code, 1313K rwdata, 4000K rodata, 1512K init, 1316K bss, 62900K reserved, 0K cma-reserved)
[    0.000000] SLUB: HWalign=64, Order=0-3, MinObjects=0, CPUs=2, Nodes=1
[    0.000000] Kernel/User page tables isolation: enabled
[    0.000000] Hierarchical RCU implementation.
[    0.000000] 	Build-time adjustment of leaf fanout to 64.
[    0.000000] 	RCU restricting CPUs from NR_CPUS=512 to nr_cpu_ids=2.
[    0.000000] RCU: Adjusting geometry for rcu_fanout_leaf=64, nr_cpu_ids=2
[    0.000000] NR_IRQS:33024 nr_irqs:440 16
[    0.000000] Console: colour VGA+ 80x25
[    0.000000] console [tty1] enabled
[    0.000000] console [ttyS0] enabled
[    0.000000] tsc: Detected 2494.332 MHz processor
[    0.893638] Calibrating delay loop (skipped) preset value.. 4988.66 BogoMIPS (lpj=9977328)
[    0.896639] pid_max: default: 32768 minimum: 301
[    0.898239] ACPI: Core revision 20150930
[    0.901222] ACPI: 2 ACPI AML tables successfully acquired and loaded
[    0.903516] Security Framework initialized
[    0.912040] Yama: becoming mindful.
[    0.913425] AppArmor: AppArmor initialized
[    0.916468] Dentry cache hash table entries: 262144 (order: 9, 2097152 bytes)
[    0.919278] Inode-cache hash table entries: 131072 (order: 8, 1048576 bytes)
[    0.923125] Mount-cache hash table entries: 4096 (order: 3, 32768 bytes)
[    0.925272] Mountpoint-cache hash table entries: 4096 (order: 3, 32768 bytes)
[    0.927774] Initializing cgroup subsys io
[    0.929258] Initializing cgroup subsys memory
[    0.930766] Initializing cgroup subsys devices
[    0.932326] Initializing cgroup subsys freezer
[    0.933845] Initializing cgroup subsys net_cls
[    0.935332] Initializing cgroup subsys perf_event
[    0.936952] Initializing cgroup subsys net_prio
[    0.938498] Initializing cgroup subsys hugetlb
[    0.940044] Initializing cgroup subsys pids
[    0.941474] CPU: Physical Processor ID: 0
[    0.942869] CPU: Processor Core ID: 0
[    0.944648] mce: CPU supports 0 MCE banks
[    0.946160] Last level iTLB entries: 4KB 512, 2MB 8, 4MB 8
[    0.947891] Last level dTLB entries: 4KB 512, 2MB 32, 4MB 32, 1GB 0
[    0.949573] Spectre V2 : Mitigation: Full generic retpoline
[    0.951594] Spectre V2 : Speculation control IBPB not-supported IBRS not-supported
[    0.954096] Speculative Store Bypass: Vulnerable
[    0.958865] Freeing SMP alternatives memory: 32K
[    0.973178] ftrace: allocating 32236 entries in 126 pages
[    1.054121] smpboot: APIC(0) Converting physical 0 to logical package 0
[    1.056220] smpboot: Max logical packages: 1
[    1.058194] x2apic enabled
[    1.059694] Switched APIC routing to physical x2apic.
[    1.063353] ..TIMER: vector=0x30 apic1=0 pin1=2 apic2=-1 pin2=-1
[    1.172742] APIC calibration not consistent with PM-Timer: 101ms instead of 100ms
[    1.175276] APIC delta adjusted to PM-Timer: 6248128 (6320794)
[    1.177427] smpboot: CPU0: Intel(R) Core(TM) i7-3667U CPU @ 2.00GHz (family: 0x6, model: 0x3a, stepping: 0x9)
[    1.180684] Performance Events: unsupported p6 CPU model 58 no PMU driver, software events only.
[    1.183717] KVM setup paravirtual spinlock
[    1.187455] x86: Booting SMP configuration:
[    1.188905] .... node  #0, CPUs:      #1
[    1.190476] kvm-clock: cpu 1, msr 0:7ffe3041, secondary cpu clock
[    1.197924] mce: CPU supports 0 MCE banks
[    1.200713] x86: Booted up 1 node, 2 CPUs
[    1.202541] smpboot: Total of 2 processors activated (9977.32 BogoMIPS)
[    1.205202] devtmpfs: initialized
[    1.209027] evm: security.selinux
[    1.210140] evm: security.SMACK64
[    1.211449] evm: security.SMACK64EXEC
[    1.212808] evm: security.SMACK64TRANSMUTE
[    1.214324] evm: security.SMACK64MMAP
[    1.215666] evm: security.ima
[    1.216800] evm: security.capability
[    1.218525] clocksource: jiffies: mask: 0xffffffff max_cycles: 0xffffffff, max_idle_ns: 7645041785100000 ns
[    1.221829] futex hash table entries: 512 (order: 3, 32768 bytes)
[    1.223961] pinctrl core: initialized pinctrl subsystem
[    1.225831] RTC time: 18:09:23, date: 06/14/18
[    1.229412] NET: Registered protocol family 16
[    1.243103] cpuidle: using governor ladder
[    1.254392] cpuidle: using governor menu
[    1.255772] PCCT header not found.
[    1.257128] ACPI: bus type PCI registered
[    1.258460] acpiphp: ACPI Hot Plug PCI Controller Driver version: 0.5
[    1.260526] PCI: Using configuration type 1 for base access
[    1.276112] ACPI: Added _OSI(Module Device)
[    1.277175] ACPI: Added _OSI(Processor Device)
[    1.278222] ACPI: Added _OSI(3.0 _SCP Extensions)
[    1.279474] ACPI: Added _OSI(Processor Aggregator Device)
[    1.289756] ACPI: Executed 1 blocks of module-level executable AML code
[    1.297973] ACPI: Interpreter enabled
[    1.299334] ACPI: (supports S0 S5)
[    1.300544] ACPI: Using IOAPIC for interrupt routing
[    1.302401] PCI: Using host bridge windows from ACPI; if necessary, use "pci=nocrs" and report a bug
[    1.311968] ACPI: PCI Root Bridge [PCI0] (domain 0000 [bus 00-ff])
[    1.313934] acpi PNP0A03:00: _OSC: OS supports [ASPM ClockPM Segments MSI]
[    1.322334] acpi PNP0A03:00: _OSC: not requesting OS control; OS requires [ExtendedConfig ASPM ClockPM MSI]
[    1.324615] acpi PNP0A03:00: fail to add MMCONFIG information, can't access extended PCI configuration space under this bridge.
[    1.327396] PCI host bridge to bus 0000:00
[    1.328323] pci_bus 0000:00: root bus resource [io  0x0000-0x0cf7 window]
[    1.329747] pci_bus 0000:00: root bus resource [io  0x0d00-0xffff window]
[    1.338864] pci_bus 0000:00: root bus resource [mem 0x000a0000-0x000bffff window]
[    1.348028] pci_bus 0000:00: root bus resource [mem 0x80000000-0xfdffffff window]
[    1.350647] pci_bus 0000:00: root bus resource [bus 00-ff]
[    1.370289] pci 0000:00:01.1: legacy IDE quirk: reg 0x10: [io  0x01f0-0x01f7]
[    1.372974] pci 0000:00:01.1: legacy IDE quirk: reg 0x14: [io  0x03f6]
[    1.375023] pci 0000:00:01.1: legacy IDE quirk: reg 0x18: [io  0x0170-0x0177]
[    1.377208] pci 0000:00:01.1: legacy IDE quirk: reg 0x1c: [io  0x0376]
[    1.420385] pci 0000:00:07.0: quirk: [io  0x4000-0x403f] claimed by PIIX4 ACPI
[    1.429647] pci 0000:00:07.0: quirk: [io  0x4100-0x410f] claimed by PIIX4 SMB
[    1.471409] ACPI: PCI Interrupt Link [LNKA] (IRQs 5 9 10 *11)
[    1.481199] ACPI: PCI Interrupt Link [LNKB] (IRQs 5 9 *10 11)
[    1.489457] ACPI: PCI Interrupt Link [LNKC] (IRQs 5 *9 10 11)
[    1.491253] ACPI: PCI Interrupt Link [LNKD] (IRQs 5 9 10 *11)
[    1.493169] ACPI: Enabled 2 GPEs in block 00 to 07
[    1.494715] vgaarb: setting as boot device: PCI:0000:00:02.0
[    1.495894] vgaarb: device added: PCI:0000:00:02.0,decodes=io+mem,owns=io+mem,locks=none
[    1.497789] vgaarb: loaded
[    1.498515] vgaarb: bridge control possible 0000:00:02.0
[    1.499942] SCSI subsystem initialized
[    1.501424] ACPI: bus type USB registered
[    1.502757] usbcore: registered new interface driver usbfs
[    1.504668] usbcore: registered new interface driver hub
[    1.506481] usbcore: registered new device driver usb
[    1.508625] PCI: Using ACPI for IRQ routing
[    1.510689] NetLabel: Initializing
[    1.512080] NetLabel:  domain hash size = 128
[    1.513607] NetLabel:  protocols = UNLABELED CIPSOv4
[    1.515360] NetLabel:  unlabeled traffic allowed by default
[    1.517421] amd_nb: Cannot enumerate AMD northbridges
[    1.519164] clocksource: Switched to clocksource kvm-clock
[    1.535312] AppArmor: AppArmor Filesystem Enabled
[    1.536938] pnp: PnP ACPI init
[    1.539480] pnp: PnP ACPI: found 3 devices
[    1.555271] clocksource: acpi_pm: mask: 0xffffff max_cycles: 0xffffff, max_idle_ns: 2085701024 ns
[    1.558342] NET: Registered protocol family 2
[    1.621579] TCP established hash table entries: 16384 (order: 5, 131072 bytes)
[    1.624157] TCP bind hash table entries: 16384 (order: 6, 262144 bytes)
[    1.626222] TCP: Hash tables configured (established 16384 bind 16384)
[    1.628225] UDP hash table entries: 1024 (order: 3, 32768 bytes)
[    1.630014] UDP-Lite hash table entries: 1024 (order: 3, 32768 bytes)
[    1.632148] NET: Registered protocol family 1
[    1.633850] pci 0000:00:00.0: Limiting direct PCI/PCI transfers
[    1.636178] pci 0000:00:01.0: Activating ISA DMA hang workarounds
[    1.638462] Unpking initramfs...

[    4.396108] Freeing initrd memory: 10916K
[    4.403653] RAPL PMU detected, API unit is 2^-32 Joules, 3 fixed counters 10737418240 ms ovfl timer
[    4.406542] hw unit of domain pp0-core 2^-0 Joules
[    4.415320] hw unit of domain package 2^-0 Joules
[    4.416894] hw unit of domain pp1-gpu 2^-0 Joules
[    4.418664] platform rtc_cmos: registered platform RTC device (no PNP device found)
[    4.429222] Scanning for low memory corruption every 60 seconds
[    4.431665] audit: initializing netlink subsys (disabled)
[    4.439982] audit: type=2000 audit(1528999771.461:1): initialized
[    4.442291] Initialise system trusted keyring
[    4.443994] HugeTLB registered 2 MB page size, pre-allocated 0 pages
[    4.448512] zbud: loaded
[    4.450139] VFS: Disk quotas dquot_6.6.0
[    4.458093] VFS: Dquot-cache hash table entries: 512 (order 0, 4096 bytes)
[    4.460783] squashfs: version 4.0 (2009/01/31) Phillip Lougher
[    4.463255] fuse init (API version 7.23)
[    4.471353] Key type big_key registered
[    4.472660] Allocating IMA MOK and blacklist keyrings.
[    4.476337] Key type asymmetric registered
[    4.479617] Asymmetric key parser 'x509' registered
[    4.495806] Block layer SCSI generic (bsg) driver version 0.4 loaded (major 249)
[    4.505639] io scheduler noop registered
[    4.507007] io scheduler deadline registered (default)
[    4.511315] io scheduler cfq registered
[    4.513052] pci_hotplug: PCI Hot Plug PCI Core version: 0.5
[    4.521770] pciehp: PCI Express Hot Plug Controller Driver version: 0.4
[    4.524346] ACPI: AC Adapter [AC] (on-line)
[    4.525981] input: Power Button as /devices/LNXSYSTM:00/LNXPWRBN:00/input/input0
[    4.545467] ACPI: Power Button [PWRF]
[    4.556658] input: Sleep Button as /devices/LNXSYSTM:00/LNXSLPBN:00/input/input1
[    4.559393] ACPI: Sleep Button [SLPF]
[    4.562254] ACPI: Battery Slot [BAT0] (battery present)
[    4.564108] GHES: HEST is not enabled!
[    4.565603] Serial: 8250/16550 driver, 32 ports, IRQ sharing enabled
[    4.591507] 00:02: ttyS0 at I/O 0x3f8 (irq = 4, base_baud = 115200) is a 16550A
[    4.596310] Linux agpgart interface v0.103
[    4.600607] loop: module loaded
[    4.609093] scsi host0: ata_piix
[    4.610855] scsi host1: ata_piix
[    4.613277] ata1: PATA max UDMA/33 cmd 0x1f0 ctl 0x3f6 bmdma 0xd000 irq 14
[    4.615479] ata2: PATA max UDMA/33 cmd 0x170 ctl 0x376 bmdma 0xd008 irq 15
[    4.617956] libphy: Fixed MDIO Bus: probed
[    4.621159] tun: Universal TUN/TAP device driver, 1.6
[    4.639012] tun: (C) 1999-2004 Max Krasnyansky <maxk@qualcomm.com>
[    4.641088] PPP generic driver version 2.4.2
[    4.643078] ehci_hcd: USB 2.0 'Enhanced' Host Controller (EHCI) Driver
[    4.652234] ehci-pci: EHCI PCI platform driver
[    4.653851] ehci-platform: EHCI generic platform driver
[    4.655657] ohci_hcd: USB 1.1 'Open' Host Controller (OHCI) Driver
[    4.657732] ohci-pci: OHCI PCI platform driver
[    4.659265] ohci-platform: OHCI generic platform driver
[    4.661129] uhci_hcd: USB Universal Host Controller Interface driver
[    4.663293] i8042: PNP: PS/2 Controller [PNP0303:PS2K,PNP0f03:PS2M] at 0x60,0x64 irq 1,12
[    4.685288] serio: i8042 KBD port at 0x60,0x64 irq 1
[    4.698971] serio: i8042 AUX port at 0x60,0x64 irq 12
[    4.701054] mousedev: PS/2 mouse device common for all mice
[    4.703888] input: AT Translated Set 2 keyboard as /devices/platform/i8042/serio0/input/input2
[    4.707778] rtc_cmos rtc_cmos: rtc core: registered rtc_cmos as rtc0
[    4.709760] rtc_cmos rtc_cmos: alarms up to one day, 114 bytes nvram
[    4.711803] i2c /dev entries driver
[    4.713386] device-mapper: uevent: version 1.0.3
[    4.725035] device-mapper: ioctl: 4.34.0-ioctl (2015-10-28) initialised: dm-devel@redhat.com
[    4.741860] ledtrig-cpu: registered to indicate activity on CPUs
[    4.744296] NET: Registered protocol family 10
[    4.748149] NET: Registered protocol family 17
[    4.749598] Key type dns_resolver registered
[    4.751878] registered taskstats version 1
[    4.758945] Loading compiled-in X.509 certificates
[    4.761691] Loaded X.509 cert 'Build time autogenerated kernel key: fc7b57a7df019f2655f66a8a374d74ee8f4999fc'
[    4.778184] zswap: loaded using pool lzo/zbud
[    4.782750] Key type trusted registered
[    4.790083] Key type encrypted registered
[    4.791428] AppArmor: AppArmor sha1 policy hashing enabled
[    4.793391] ima: No TPM chip found, activating TPM-bypass!
[    4.795178] evm: HMAC attrs: 0x1
[    4.797064]   Magic number: 6:577:190
[    4.798725] rtc_cmos rtc_cmos: setting system clock to 2018-06-14 18:09:27 UTC (1528999767)
[    4.820578] BIOS EDD facility v0.16 2004-Jun-25, 0 devices found
[    4.836247] EDD information not available.
[    4.839935] Freeing unused kernel memory: 1512K
[    4.851452] Write protecting the kernel read-only data: 14336k
[    4.853493] Freeing unused kernel memory: 1688K
[    4.861465] Freeing unused kernel memory: 96K
Loading, please wait...
starting version 229
[    4.892516] random: systemd-udevd: uninitialized urandom read (16 bytes read, 2 bits of entropy available)
[    4.893723] random: udevadm: uninitialized urandom read (16 bytes read, 2 bits of entropy available)
[    4.893763] random: udevadm: uninitialized urandom read (16 bytes read, 2 bits of entropy available)
[    4.913722] random: udevadm: uninitialized urandom read (16 bytes read, 2 bits of entropy available)
[    4.913812] random: udevadm: uninitialized urandom read (16 bytes read, 2 bits of entropy available)
[    4.914110] random: udevadm: uninitialized urandom read (16 bytes read, 2 bits of entropy available)
[    4.914222] random: udevadm: uninitialized urandom read (16 bytes read, 2 bits of entropy available)
[    4.914422] random: udevadm: uninitialized urandom read (16 bytes read, 2 bits of entropy available)
[    4.914527] random: udevadm: uninitialized urandom read (16 bytes read, 2 bits of entropy available)
[    4.914623] random: udevadm: uninitialized urandom read (16 bytes read, 2 bits of entropy available)
[    5.087191] Fusion MPT base driver 3.04.20
[    5.107416] Copyright (c) 1999-2008 LSI Corporation
[    5.125427] e1000: Intel(R) PRO/1000 Network Driver - version 7.3.21-k8-NAPI
[    5.127814] e1000: Copyright (c) 1999-2006 Intel Corporation.
[    5.166697] AVX version of gcm_enc/dec engaged.
[    5.180611] AES CTR mode by8 optimization enabled
[    5.194207] Fusion MPT SPI Host driver 3.04.20
[    5.348784] input: ImExPS/2 Generic Explorer Mouse as /devices/platform/i8042/serio1/input/input4
[    5.415842] tsc: Refined TSC clocksource calibration: 2494.971 MHz
[    5.417888] clocksource: tsc: mask: 0xffffffffffffffff max_cycles: 0x23f6ab29d3a, max_idle_ns: 440795259191 ns
[    5.623494] e1000 0000:00:03.0 eth0: (PCI:33MHz:32-bit) 02:9b:76:7a:0b:4d
[    5.625647] e1000 0000:00:03.0 eth0: Intel(R) PRO/1000 Network Connection
[    5.629089] mptbase: ioc0: Initiating bringup
[    5.699685] ioc0: LSI53C1030 A0: Capabilities={Initiator}
[    5.861279] scsi host2: ioc0: LSI53C1030 A0, FwRev=00000000h, Ports=1, MaxQ=256, IRQ=20
[    5.988936] scsi 2:0:0:0: Direct-Access     VBOX     HARDDISK         1.0  PQ: 0 ANSI: 5
[    5.992322] scsi target2:0:0: Beginning Domain Validation
[    6.018953] scsi target2:0:0: Domain Validation skipping write tests
[    6.027004] scsi target2:0:0: Ending Domain Validation
[    6.029223] scsi target2:0:0: asynchronous
[    6.043281] scsi 2:0:1:0: Direct-Access     VBOX     HARDDISK         1.0  PQ: 0 ANSI: 5
[    6.047353] scsi target2:0:1: Beginning Domain Validation
[    6.059303] scsi target2:0:1: Domain Validation skipping write tests
[    6.087797] scsi target2:0:1: Ending Domain Validation
[    6.131287] scsi target2:0:1: asynchronous
[    6.157066] sd 2:0:0:0: Attached scsi generic sg0 type 0
[    6.169451] sd 2:0:0:0: [sda] 20971520 512-byte logical blocks: (10.7 GB/10.0 GiB)
[    6.178253] sd 2:0:0:0: [sda] Write Protect is off
[    6.187429] sd 2:0:1:0: [sdb] 20480 512-byte logical blocks: (10.5 MB/10.0 MiB)
[    6.214648] sd 2:0:1:0: Attached scsi generic sg1 type 0
[    6.223768] sd 2:0:0:0: [sda] Incomplete mode parameter data
[    6.230817] sd 2:0:0:0: [sda] Assuming drive cache: write through
[    6.233594] sd 2:0:1:0: [sdb] Write Protect is off
[    6.235458] sd 2:0:1:0: [sdb] Incomplete mode parameter data
[    6.243658] sd 2:0:1:0: [sdb] Assuming drive cache: write through
[    6.268553]  sda: sda1
[    6.282153] sd 2:0:1:0: [sdb] Attached SCSI disk
[    6.283906] sd 2:0:0:0: [sda] Attached SCSI disk
[    6.480111] e1000 0000:00:08.0 eth1: (PCI:33MHz:32-bit) 08:00:27:d4:79:34
[    6.489892] e1000 0000:00:08.0 eth1: Intel(R) PRO/1000 Network Connection
[    6.495884] e1000 0000:00:08.0 enp0s8: renamed from eth1
[    6.508296] e1000 0000:00:03.0 enp0s3: renamed from eth0
Begin: Loading e[    7.933587] md: linear personality registered for level -1
ssential drivers ... [    7.951477] md: multipath personality registered for level -4
[    7.956469] md: raid0 personality registered for level 0
[    7.972645] md: raid1 personality registered for level 1
[    8.067977] raid6: sse2x1   gen()  6168 MB/s
[    8.135441] raid6: sse2x1   xor()  5013 MB/s
[    8.203176] raid6: sse2x2   gen()  8125 MB/s
[    8.271196] raid6: sse2x2   xor()  5221 MB/s
[    8.347200] raid6: sse2x4   gen()  8015 MB/s
[    8.415203] raid6: sse2x4   xor()  5261 MB/s
[    8.416716] raid6: using algorithm sse2x2 gen() 8125 MB/s
[    8.418371] raid6: .... xor() 5221 MB/s, rmw enabled
[    8.420225] raid6: using ssse3x2 recovery algorithm
[    8.423992] xor: automatically using best checksumming function:
[    8.463993]    avx       : 19851.000 MB/sec
[    8.467401] async_tx: api initialized (async)
[    8.481132] md: raid6 personality registered for level 6
[    8.484040] md: raid5 personality registered for level 5
[    8.485385] md: raid4 personality registered for level 4
[    8.493032] md: raid10 personality registered for level 10
done.
Begin: Running /scripts/init-premount ... done.
Begin: Mounting root file system ... Begin: Running /scripts/local-top ... done.
Begin: Running /scripts/local-premount ... [    8.549502] Btrfs loaded
Scanning for Btrfs filesystems
done.
Warning: fsck no[    8.629472] EXT4-fs (sda1): mounted filesystem with ordered data mode. Opts: (null)
t present, so skipping root file system
done.
Begin: Running /scripts/local-bottom ... done.
Begin: Running /scripts/init-bottom ... done.
[    8.874313] systemd[1]: systemd 229 running in system mode. (+PAM +AUDIT +SELINUX +IMA +APPARMOR +SMACK +SYSVINIT +UTMP +LIBCRYPTSETUP +GCRYPT +GNUTLS +ACL +XZ -LZ4 +SECCOMP +BLKID +ELFUTILS +KMOD -IDN)
[    8.896881] systemd[1]: Detected virtualization oracle.
[    8.912545] systemd[1]: Detected architecture x86-64.

Welcome to [1mUbuntu 16.04.4 LTS[0m!

[    8.924238] systemd[1]: Set hostname to <ubuntu>.
[    8.931576] systemd[1]: Initializing machine ID from random generator.
[    8.933568] systemd[1]: Installed transient /etc/machine-id file.
[    9.235159] systemd[1]: Listening on /dev/initctl Compatibility Named Pipe.
[[0;32m  OK  [0m] Listening on /dev/initctl Compatibility Named Pipe.
[    9.295894] systemd[1]: Reached target System Time Synchronized.
[[0;32m  OK  [0m] Reached target System Time Synchronized.
[    9.318354] systemd[1]: Created slice System Slice.
[[0;32m  OK  [0m] Created slice System Slice.
[    9.321091] systemd[1]: Listening on udev Kernel Socket.
[[0;32m  OK  [0m] Listening on udev Kernel Socket.
[    9.324099] systemd[1]: Listening on LVM2 poll daemon socket.
[[0;32m  OK  [0m] Listening on LVM2 poll daemon socket.
[    9.336121] systemd[1]: Listening on Device-mapper event daemon FIFOs.
[[0;32m  OK  [0m] Listening on Device-mapper event daemon FIFOs.
[    9.363069] systemd[1]: Created slice system-serial\x2dgetty.slice.
[[0;32m  OK  [0m] Created slice system-serial\x2dgetty.slice.
[    9.392555] systemd[1]: Listening on Journal Socket.
[[0;32m  OK  [0m] Listening on Journal Socket.
[    9.407551] systemd[1]: Mounting Huge Pages File System...
         Mounting Huge Pages File System...
[    9.451581] systemd[1]: Starting Uncomplicated firewall...
         Starting Uncomplicated firewall...
[    9.464150] systemd[1]: Starting Set console keymap...
         Starting Set console keymap...
[    9.499805] systemd[1]: Starting Nameserver information manager...
         Starting Nameserver information manager...
[    9.518974] systemd[1]: Created slice User and Session Slice.
[[0;32m  OK  [0m] Created slice User and Session Slice.
[    9.524725] systemd[1]: Reached target Encrypted Volumes.
[[0;32m  OK  [0m] Reached target Encrypted Volumes.
[    9.532032] systemd[1]: Reached target Swap.
[[0;32m  OK  [0m] Reached target Swap.
[    9.555056] systemd[1]: Set up automount Arbitrary Executable File Formats File System Automount Point.
[[0;32m  OK  [0m] Set up automount Arbitrary Executab...ats File System Automount Point.
[    9.570670] systemd[1]: Listening on udev Control Socket.
[[0;32m  OK  [0m] Listening on udev Control Socket.
[    9.573296] systemd[1]: Listening on LVM2 metadata daemon socket.
[[0;32m  OK  [0m] Listening on LVM2 metadata daemon socket.
[    9.587828] systemd[1]: Starting Monitoring of LVM2 mirrors, snapshots etc. using dmeventd or progress polling...
         Starting Monitoring of LVM2 mirrors... dmeventd or progress polling...
[    9.593651] systemd[1]: Listening on Syslog Socket.
[[0;32m  OK  [0m] Listening on Syslog Socket.
[    9.619772] systemd[1]: Starting Create list of required static device nodes for the current kernel...
         Starting Create list of required st... nodes for the current kernel...
[    9.638311] systemd[1]: Starting Load Kernel Modules...
         Starting Load Kernel Modules...
[    9.641303] systemd[1]: Reached target Slices.
[[0;32m  OK  [0m] Reached target Slices.
[    9.646592] systemd[1]: Starting Remount Root and Kernel File Systems...
         Starting Remount Root and Kernel File Systems...
[    9.650449] systemd[1]: Listening on Journal Socket (/dev/log).
[    9.653095] Loading iSCSI transport class v2.0-870.
[    9.654740] EXT4-fs (sda1): re-mounted. Opts: (null)
[[0;32m  OK  [0m] Listening on Journal Socket (/dev/log).
[    9.656651] systemd[1]: Started Trigger resolvconf update for networkd DNS.
[[0;32m  OK  [0m] Started Trigger resolvconf u[    9.667487] iscsi: registered transport (tcp)
pdate for networkd DNS.
[    9.695593] systemd[1]: Reached target User and Group Name Lookups.
[[0;32m  OK  [0m] Reached target User and Group Name Lookups.
[    9.719343] systemd[1]: Mounting POSIX Message Queue File System...
         Mounting POSIX Message Queue File System...
[    9.723163] systemd[1]: Listening on Journal Audit Socket.
[[0;32m  OK  [0m] Listening on Journal Audit Socket.
[    9.727915] systemd[1]: Starting Journal Service...
         Starting Journal Service...
[    9.731462] systemd[1]: Started Forward Password Requests to Wall Directory Watch.
[[0;32m  OK  [0m] Started Forward Password Requests to Wall Directory Watch.
[    9.737095] systemd[1]: Mounting Debug File System...
         Mounting Debug File Sys[    9.743716] iscsi: registered transport (iser)
tem...
[    9.780814] systemd[1]: Mounted POSIX Message Queue File System.
[[0;32m  OK  [0m] Mounted POSIX Message Queue File System.
[    9.791095] systemd[1]: Mounted Debug File System.
[[0;32m  OK  [0m] Mounted Debug File System.
[    9.793865] systemd[1]: Mounted Huge Pages File System.
[[0;32m  OK  [0m] Mounted Huge Pages File System.
[    9.805712] systemd[1]: Started Journal Service.
[[0;32m  OK  [0m] Started Journal Service.
[[0;32m  OK  [0m] Started Uncomplicated firewall.
[[0;32m  OK  [0m] Started Set console keymap.
[[0;32m  OK  [0m] Started Create list of required sta...ce nodes for the current kernel.
[[0;32m  OK  [0m] Started Load Kernel Modules.
[[0;32m  OK  [0m] Started Remount Root and Kernel File Systems.
[[0;32m  OK  [0m] Started Nameserver information manager.
[[0;32m  OK  [0m] Started LVM2 metadata daemon.
         Starting udev Coldplug all Devices...
         Starting Load/Save Random Seed...
         Mounting FUSE Control File System...
[   10.083489] random: nonblocking pool is initialized
         Starting Apply Kernel Variables...
         Starting Create Static Device Nodes in /dev...
         Starting Flush Journal to Persistent Storage...
[[0;32m  OK  [0m] Mounted FUSE Control File System.
[[0;32m  OK  [0m] Started Load/Save Random Seed.
[[0;32m  OK  [0m] Started Apply Kernel Variables.
[[0;32m  OK  [0m] Started Create Static Device Nodes in /dev.
[[0;32m  OK  [0m] Started udev Coldplug all Devices.
[[0;32m  OK  [0m] Started Flush Journal to Persistent Storage.
         Starting udev Kernel Device Manager...
[[0;32m  OK  [0m] Started udev Kernel Device Manager.
[[0;32m  OK  [0m] Started Dispatch Password Requests to Console Directory Watch.
[[0;32m  OK  [0m] Started Monitoring of LVM2 mirrors,...ng dmeventd or progress polling.
[[0;32m  OK  [0m] Reached target Local File Systems (Pre).
[[0;32m  OK  [0m] Reached target Local File Systems.
         Starting Create Volatile Files and Directories...
         Starting LSB: AppArmor initialization...
         Starting Tell Plymouth To Write Out Runtime Data...
         Starting Set console font and keymap...
         Starting Initial cloud-init job (pre-networking)...
         Starting Commit a transient machine-id on disk...
[[0;32m  OK  [0m] Started Create Volatile Files and Directories.
[[0;32m  OK  [0m] Started Tell Plymouth To Write Out Runtime Data.
[[0;32m  OK  [0m] Started Commit a transient machine-id on disk.
[[0;32m  OK  [0m] Found device /dev/ttyS0.
         Starting Update UTMP about System Boot/Shutdown...
[[0;32m  OK  [0m] Started Update UTMP about System Boot/Shutdown.
[[0;32m  OK  [0m] Listening on Load/Save RF Kill Switch Status /dev/rfkill Watch.
[[0;32m  OK  [0m] Started LSB: AppArmor initialization.
[   12.444465] cloud-init[513]: Cloud-init v. 18.2 running 'init-local' at Thu, 14 Jun 2018 18:09:35 +0000. Up 11.56 seconds.
[[0;32m  OK  [0m] Started Initial cloud-init job (pre-networking).
[[0;32m  OK  [0m] Reached target Network (Pre).
         Starting Raise network interfaces...
[[0;32m  OK  [0m] Started Set console font and keymap.
[[0;32m  OK  [0m] Created slice system-getty.slice.
[[0;32m  OK  [0m] Started Raise network interfaces.
[[0;32m  OK  [0m] Reached target Network.
         Starting Initial cloud-init job (metadata service crawler)...
[   14.785628] cloud-init[985]: Cloud-init v. 18.2 running 'init' at Thu, 14 Jun 2018 18:09:37 +0000. Up 13.63 seconds.
[   14.893523] cloud-init[985]: ci-info: +++++++++++++++++++++++++++++++++++++Net device info++++++++++++++++++++++++++++++++++++++
[   14.893844] cloud-init[985]: ci-info: +--------+-------+---------------------------+---------------+-------+-------------------+
[[0;32m  OK  [0m] Started Initial cloud-init job (metadata service crawler).
[   14.894110] cloud-init[985]: ci-info: | Device |   Up  |          Address          |      Mask     | Scope |     Hw-Address    |
[   15.069446] cloud-init[985]: ci-info: +--------+-------+---------------------------+---------------+-------+-------------------+
[   15.069878] cloud-init[985]: [ci-info: | enp0s3 |  True |         10.0.2.15         | 255.255.255.0 |   .   | 02:9b:76:7a:0b:4d |[0;32m  OK  [0m
] Reached target Network is Online.
[   15.070211] cloud-init[985]: ci-info: | enp0s3 |  True | fe80::9b:76ff:fe7a:b4d/64 |       .       |  link | 02:9b:76:7a:0b:4d |
[   15.265249] cloud-init[985]: ci-info: | enp0s8 | False |             .             |       .       |   .   | 08:00:27:d4:79:34 |
[   15.265952] cloud-init[985]: ci-info: |   lo   |  True |         127.0.0.1         |   255.0.0.0   |   .   |         .         |
         Starting iSCSI initiator daemon (iscsid)...
[   15.266322] cloud-init[985]: ci-info: |   lo   |  True |          ::1/128          |       .       |  host |         .         |
[   15.428087] cloud-init[985]: ci-info: +--------+-------+---------------------------+---------------+-------+-------------------+
[   15.428233] cloud-init[985]: ci-info: +++++++++++++++++++++++++++Route IPv4 info++++++++++++++++++++++++++++
[[0;32m  OK  [0m] Reached target System Initialization.
[   15.428480] cloud-init[985]: ci-info: +-------+-------------+----------+---------------+-----------+-------+
[   15.598412] cloud-init[985]: ci-info: | Route | Destination | Gateway  |    Genmask    | Interface | Flags |
[   15.598593] cloud-init[985]: ci-info: +-------+-------------+----------+---------------+-----------+-------+
[[0;32m  OK  [0m] Started Daily Cleanup of Temporary Directories.
[   15.598887] cloud-init[985]: ci-info: |   0   |   0.0.0.0   | 10.0.2.2 |    0.0.0.0    |   enp0s3  |   UG  |
[   15.691807] cloud-init[985]: ci-info: |   1   |   10.0.2.0  | 0.0.0.0  | 255.255.255.0 |   enp0s3  |   U   |
[[0;32m  OK  [0m] Listening on ACPID Listen Socket.
[   15.691963] cloud-init[985]: ci-info: +-------+-------------+----------+---------------+-----------+-------+
[   15.786359] cloud-init[985]: Generating public/private rsa key pair.
[[0;32m  OK  [0m] Listening on D-Bus System Message Bus Socket.
[   15.786533] cloud-init[985]: Your identification has been saved in /etc/ssh/ssh_host_rsa_key.
[   15.853811] cloud-init[985]: Your public key has been saved in /etc/ssh/ssh_host_rsa_key.pub.
[   15.854208] cloud-init[985]: The key fingerprint is:
         Starting LXD - unix socket.
[   15.854450] cloud-init[985]: SHA256:+fYoH8U17351wiYCgLVh6tNs8J6r5IaPJuzagnMEyAY root@ubuntu-xenial
[   15.992741] cloud-init[985]: The key's randomart image is:
[   15.993170] cloud-init[985]: +---[RSA 2048]----+
[[0;32m  OK  [0m] Started ACPI Events Check.
[   15.993512] cloud-init[985]: |     o+          |
[   16.096822] cloud-init[985]: |E   .o.o         |
[[0;32m  OK  [0m] Reached target Paths.
         [   16.097019] cloud-init[985]: |+   o ..      o  |
[   16.110474] cloud-init[985]: |oo . =  .. . . o |
[   16.111042] cloud-init[985]: |..  o = S.  o.  .|
Starting Socket activation for snappy daemon.
[[   16.111139] cloud-init[985]: |  .  + . .... +.o|
[   16.245983] cloud-init[985]: |o. .. o   +. o .+|
[0;32m  OK  [0m] Listening on UUID daemon activation socket.
[[   16.246153] cloud-init[985]: |=o++.  ... +   ..|
[   16.283396] cloud-init[985]: |+Boo+..  oo .   o|
[0;32m  OK  [0m] Started Daily apt download activities.
[   16.283581] cloud-init[985]: +----[SHA256]-----+
[   16.301882] cloud-init[985]: Generating public/private dsa key pair.
[[0;32m  OK  [0m] Started Daily apt upgrade and clean activities.
[   16.302078] cloud-init[985]: Your identification has been saved in /etc/ssh/ssh_host_dsa_key.
[   16.453060] cloud-init[985]: Your public key has been saved in /etc/ssh/ssh_host_dsa_key.pub.
[[0;32m  OK  [0m] Reached target Timers.
[   16.453259] cloud-init[985]: The key fingerprint is:
[   16.526283] cloud-init[985]: SHA256:p8/q78947J9DCPjTFpLaHA2nWdjUgg0F5bHqS7lIY48 root@ubuntu-xenial
[[0;32m  OK  [0m] Reached target Cloud-config availability.
[   16.526594] cloud-init[985]: The key's randomart image is:
[   16.640635] cloud-init[985]: +---[DSA 1024]----+
[   16.641153] cloud-init[985]: |          o@=.   |
[[0;32m  OK  [0m] Listening on LXD - unix socket.
[[   16.641441] cloud-init[985]: |          +.*o.  |
[   16.676810] cloud-init[985]: |         . Oo.   |
[0;32m  OK  [0m] Listening on Socket activation for snappy daemon.
[[   16.677571] cloud-init[985]: |        . B.o    |
[   16.742913] cloud-init[985]: |        S=o= o   |
[0;32m  OK  [0m] Started iSCSI initiator daemon (iscsid).
[   16.743056] cloud-init[985]: |        .+=.+ .  |
[   16.792993] cloud-init[985]: |        = ++ .   |
[   16.819256] cloud-init[985]: |       o O =o .. |
[   16.819660] cloud-init[985]: |       .E+X++.o. |
         Starting Login to default iSCSI targets...
[   16.820815] cloud-init[985]: +----[SHA256]-----+
[   16.901822] cloud-init[985]: Generating public/private ecdsa key pair.
[[0;32m  OK  [0m] Reached target Sockets.
[   16.901984] cloud-init[985]: Your identification has been saved in /etc/ssh/ssh_host_ecdsa_key.
[[   16.932027] [0;32m  OK  [0mcloud-init] [985]: Reached target Basic System.Your public key has been saved in /etc/ssh/ssh_host_ecdsa_key.pub.

[   16.932429] cloud-init[985]: The key fingerprint is:
[   17.052405] cloud-init[985]: SHA256:KLtrJkEQOrpKEE7oOw8Kl4G5Iz+odQBsypwv6fuDGN8 root@ubuntu-xenial
[   17.052731] cloud-init[985]: The key's randomart image is:
[   17.052985] cloud-init[985]: +---[ECDSA 256]---+
         Starting LSB: MD monitoring daemon...
[[   17.053234] cloud-init[985]: |..               |
[   17.068781] cloud-init[985]: |=                |
[0;32m  OK  [0m] Started Unattended Upgrades Shutdown.
[   17.069326] cloud-init[985]: |*=               |
[   17.105934] cloud-init[985]: |X*o    .         |
[   17.112659] cloud-init[985]: |*Bo . . S        |
[   17.114234] cloud-init[985]: |oo=+ o           |
[   17.124908] cloud-init[985]: |B@=+o            |
[   17.125630] cloud-init[985]: |X*OoE.           |
[   17.125858] cloud-init[985]: |=o+B+.           |
         Starting Accounts Service...
[   17.126301] cloud-init[985]: +----[SHA256]-----+
[   17.181100] cloud-init[985]: Generating public/private ed25519 key pair.
[   17.181518] cloud-init[985]: Your identification has been saved in /etc/ssh/ssh_host_ed25519_key.
[[0;32m  OK  [0m] Started Deferred execution scheduler.
[   17.181760] cloud-init[985]: Your public key has been saved in /etc/ssh/ssh_host_ed25519_key.pub.
[   17.361932] cloud-init[985]: The key fingerprint is:
[   17.362361] cloud-init[985]: SHA256:Lv3AhHa2mV+8HdNQr+UTvDn2G431bEFrSuNsstUKsfo root@ubuntu-xenial
         Starting Virtualbox guest utils...
[   17.362575] cloud-init[985]: The key's randomart image is:
[   17.520954] cloud-init[985]: +--[ED25519 256]--+
[   17.522205] cloud-init[985]: |                 |
[   17.522531] cloud-init[985]: |                 |
[[0;32m  OK  [0m] Started Regular background program processing daemon.
[   17.522681] cloud-init[985]: |               ..|
[   17.615064] cloud-init[985]: |       .      o.o|
[   17.615538] cloud-init[985]: |      o S  . o.*+|
         Starting LSB: Record successful boot for GRUB...
[   17.617006] cloud-init[985]: |     . B + .* =XB|
[   17.701354] cloud-init[985]: |      . O  +o*=OB|
[   17.701840] cloud-init[985]: |       . +..*oo+=|
         Starting Login Service...
[   17.702284] cloud-init[985]: |         .+E....o|
[   17.749118] cloud-init[985]: +----[SHA256]-----+
         Starting Snappy daemon...
[[0;32m  OK  [0m] Started ACPI event daemon.
[[0;32m  OK  [0m] Started D-Bus System Message Bus.
         Starting Pollinate to seed the pseudo random number generator...
         Starting /etc/rc.local Compatibility...
         Starting System Logging Service...
         Starting Apply the settings specified in cloud-config...
[[0;32m  OK  [0m] Started FUSE filesystem for LXC.
         Starting LXD - container startup/shutdown...
[[0;32m  OK  [0m] Started Snappy daemon.
[[0;32m  OK  [0m] Started System Logging Service.
[[0;32m  OK  [0m] Started /etc/rc.local Compatibility.
[[0;32m  OK  [0m] Started Login to default iSCSI targets.
[[0;32m  OK  [0m] Started LSB: MD monitoring daemon.
[[0;32m  OK  [0m] Started LSB: Record successful boot for GRUB.
[[0;32m  OK  [0m] Started Login Service.
[[0;32m  OK  [0m] Started LXD - container startup/shutdown.
         Starting Authenticate and Authorize Users to Run Privileged Tasks...
[[0;32m  OK  [0m] Reached target Remote File Systems (Pre).
[[0;32m  OK  [0m] Reached target Remote File Systems.
         Starting LSB: daemon to balance interrupts for SMP systems...
         Starting LSB: automatic crash report generation...
         Starting LSB: Set the CPU Frequency Scaling governor to "ondemand"...
         Starting Permit User Sessions...
         Starting Wait until snapd is fully seeded...
[[0;32m  OK  [0m] Started Virtualbox guest utils.
[[0;32m  OK  [0m] Started Permit User Sessions.
[[0;32m  OK  [0m] Started Authenticate and Authorize Users to Run Privileged Tasks.
[[0;32m  OK  [0m] Started Accounts Service.
         Starting Hold until boot process finishes up...
         Starting Terminate Plymouth Boot Screen...
[[0;32m  OK  [0m] Started LSB: daemon to balance interrupts for SMP systems.
[[0;32m  OK  [0m] Started LSB: automatic crash report generation.
[[0;32m  OK  [0m] Started Hold until boot process finishes up.
[[0;32m  OK  [0m] Started Terminate Plymouth Boot Screen.
[[0;32m  OK  [0m] Started LSB: Set the CPU Frequency Scaling governor to "ondemand".
[[0;32m  OK  [0m] Started Serial Getty on ttyS0.
[[0;32m  OK  [0m] Started Getty on tty1.
[   19.103255] [cloud-init[0;32m  OK  [0m[1148]: ] Generating locales (this might take a while)...Reached target Login Prompts.

         Starting Set console scheme...
[[0;32m  OK  [0m] Started Set console scheme.
[[0;32m  OK  [0m] Started Pollinate to seed the pseudo random number generator.
         Starting OpenBSD Secure Shell server...
[[0;32m  OK  [0m] Started OpenBSD Secure Shell server.
[   20.723068] cloud-init[1148]:   en_US.UTF-8... done
[   20.760796] cloud-init[1148]: Generation complete.
[[0;32m  OK  [0m] Created slice User Slice of vagrant.
         Starting User Manager for UID 1000...
[[0;32m  OK  [0m] Started Session 1 of user vagrant.
[[0;32m  OK  [0m] Started User Manager for UID 1000.
[   21.541606] cloud-init[1148]: Cloud-init v. 18.2 running 'modules:config' at Thu, 14 Jun 2018 18:09:42 +0000. Up 18.76 seconds.
[[0;32m  OK  [0m] Started Apply the settings specified in cloud-config.
ci-info: no authorized ssh keys fingerprints found for user ubuntu.

Ubuntu 16.04.4 LTS ubuntu-xenial ttyS0

<14>Jun 14 18:09:48 ec2: 
<14>Jun 14 18:09:48 ec2: #############################################################
<14>Jun 14 18:09:48 ec2: -----BEGIN SSH HOST KEY FINGERPRINTS-----
<14>Jun 14 18:09:48 ec2: 1024 SHA256:p8/q78947J9DCPjTFpLaHA2nWdjUgg0F5bHqS7lIY48 root@ubuntu-xenial (DSA)
<14>Jun 14 18:09:48 ec2: 256 SHA256:KLtrJkEQOrpKEE7oOw8Kl4G5Iz+odQBsypwv6fuDGN8 root@ubuntu-xenial (ECDSA)
<14>Jun 14 18:09:48 ec2: 256 SHA256:Lv3AhHa2mV+8HdNQr+UTvDn2G431bEFrSuNsstUKsfo root@ubuntu-xenial (ED25519)
<14>Jun 14 18:09:48 ec2: 2048 SHA256:+fYoH8U17351wiYCgLVh6tNs8J6r5IaPJuzagnMEyAY root@ubuntu-xenial (RSA)
<14>Jun 14 18:09:48 ec2: -----END SSH HOST KEY FINGERPRINTS-----
<14>Jun 14 18:09:48 ec2: #############################################################
-----BEGIN SSH HOST KEY KEYS-----
ecdsa-sha2-nistp256 AAAAE2VjZHNhLXNoYTItbmlzdHAyNTYAAAAIbmlzdHAyNTYAAABBBMtMKTN3arxSumqCspQm+2cNe0F/jHjhHpJ3uo8lDWPM26/bVF8TayTW0VjFsmcGI81sjdO18F4AJcmOkQtYLb8= root@ubuntu-xenial
ssh-ed25519 AAAAC3NzaC1lZDI1NTE5AAAAICnZfX5DpatfQKZwHQhFbD80tLeBEVfm7HDd2M6rCJtT root@ubuntu-xenial
ssh-rsa AAAAB3NzaC1yc2EAAAADAQABAAABAQCRTUHIquZ2EOKZ+xuKYCLaOuGAIGYfO/AnSPHb0cTPx+Az7oUVMH59Ou5EpmAZPhdgH8xGg1XO1QAf28OTg+j4mjnEK7FPdDthqCfA0783tAmbMeWWTUaoF12iYBZpLHOjMM/kJzzKqFlgsHDSZp2RMg4Dj0lZZnmrdBjLm85xD5zn4k++4kd74Sn1TkkuA1+o2RLTwZ2OAdnoGMmdxZJifjJCgK8/7RIg9yF6NVyoCTjEDjVrczF6rfdciNpTe2R4RWwomc7p+kcZI56+f8r5JZlbjm4yvvwMKnGwUx5r3CBJvFFHKdqSWwqYBly3GnoPStQCGkrTM9VPqgLVUksn root@ubuntu-xenial
-----END SSH HOST KEY KEYS-----
[   25.148750] cloud-init[1541]: Cloud-init v. 18.2 running 'modules:final' at Thu, 14 Jun 2018 18:09:48 +0000. Up 24.86 seconds.
[   25.149075] cloud-init[1541]: ci-info: no authorized ssh keys fingerprints found for user ubuntu.
[   25.149236] cloud-init[1541]: Cloud-init v. 18.2 finished at Thu, 14 Jun 2018 18:09:48 +0000. Datasource DataSourceNoCloud [seed=/dev/sdb][dsmode=net].  Up 25.13 seconds
ubuntu-xenial login: 